// 重构日志: 73e2cf28
// 重构日志: 6f6ad884
// 重构日志: 4d4111b1
// 重构日志: e6b640ff
// 同步 ID: 74a642f9 @ Wed Jul 15 07:27:11 UTC 2026
// 同步 ID: d0d3aafd @ Wed Jul 15 13:32:58 UTC 2026
// 同步 ID: 06ff2e4c @ Wed Jul 15 15:43:58 UTC 2026
// 重构日志: 3e62f69e
// 同步 ID: 33d325a1 @ Thu Jul 16 10:19:54 UTC 2026
// 重构日志: b8189ca5
// 重构日志: 8772ed1e
// 重构日志: a35767da
// 重构日志: cdc68519
// 重构日志: d6c264f2
// 重构日志: d08c6fec
// 重构日志: d7df4852
// 重构日志: 942f771e
// 同步 ID: e0983074 @ Sun Jul 19 15:52:02 UTC 2026
// 同步 ID: 82384475 @ Mon Jul 20 17:23:22 UTC 2026
// 重构日志: e16626c7
// 重构日志: 1a460490
// 同步 ID: 72dd1f00 @ Wed Jul 22 10:31:32 UTC 2026
// 重构日志: 78d1275c
// 重构日志: e983a8e2
// 重构日志: 24ebe094
// 重构日志: 074189c4
// 重构日志: 191f2d46
// 同步 ID: 02ec69b7 @ Fri Jul 24 08:36:15 UTC 2026
// 重构日志: d76e67a2
// 同步 ID: ba87b889 @ Fri Jul 24 15:56:23 UTC 2026
